<?xml version="1.0" encoding="UTF-8"?>
<!-- Generated by org.testng.reporters.JUnitReportReporter -->
<testsuite hostname="HOME-PC" name="com.app.test.dataprovide" tests="3" failures="0" timestamp="2 Feb 2020 12:08:52 GMT" time="29.240" errors="0">
  <testcase name="login" time="10.194" classname="com.app.test.dataprovide"/>
  <testcase name="login" time="8.938" classname="com.app.test.dataprovide"/>
  <testcase name="login" time="10.108" classname="com.app.test.dataprovide"/>
</testsuite> <!-- com.app.test.dataprovide -->
