<?xml version="1.0" encoding="UTF-8"?>
<!-- Generated by org.testng.reporters.JUnitReportReporter -->
<testsuite hostname="HOME-PC" name="com.app.test.annotation1" tests="2" failures="0" timestamp="2 Feb 2020 09:48:27 GMT" time="0.031" errors="0">
  <testcase name="test1" time="0.031" classname="com.app.test.annotation1"/>
  <testcase name="test2" time="0.000" classname="com.app.test.annotation1"/>
</testsuite> <!-- com.app.test.annotation1 -->
