<?xml version="1.0" encoding="UTF-8"?>
<!-- Generated by org.testng.reporters.JUnitReportReporter -->
<testsuite hostname="HOME-PC" name="com.app.test.Annopriority" tests="4" failures="0" timestamp="2 Feb 2020 09:56:02 GMT" time="0.047" errors="0">
  <testcase name="test3" time="0.015" classname="com.app.test.Annopriority"/>
  <testcase name="test1" time="0.016" classname="com.app.test.Annopriority"/>
  <testcase name="test4" time="0.000" classname="com.app.test.Annopriority"/>
  <testcase name="test2" time="0.016" classname="com.app.test.Annopriority"/>
</testsuite> <!-- com.app.test.Annopriority -->
