<?xml version="1.0" encoding="UTF-8"?>
<!-- Generated by org.testng.reporters.JUnitReportReporter -->
<testsuite hostname="HOME-PC" name="com.app.test.Annotations" tests="2" failures="0" timestamp="2 Feb 2020 09:43:03 GMT" time="0.032" errors="0">
  <testcase name="Test2" time="0.016" classname="com.app.test.Annotations"/>
  <testcase name="test" time="0.016" classname="com.app.test.Annotations"/>
</testsuite> <!-- com.app.test.Annotations -->
