<?xml version="1.0" encoding="UTF-8"?>
<!-- Generated by org.testng.reporters.JUnitReportReporter -->
<testsuite hostname="HOME-PC" name="com.app.test.HomePageTest" tests="2" failures="0" timestamp="2 Feb 2020 10:10:00 GMT" time="8.885" errors="0">
  <testcase name="verifynav" time="1.410" classname="com.app.test.HomePageTest"/>
  <testcase name="verifyButton" time="7.475" classname="com.app.test.HomePageTest"/>
</testsuite> <!-- com.app.test.HomePageTest -->
