<?xml version="1.0" encoding="UTF-8"?>
<!-- Generated by org.testng.reporters.JUnitReportReporter -->
<testsuite hostname="HOME-PC" name="com.app.test.DressPageTest" tests="1" failures="0" timestamp="2 Feb 2020 10:10:00 GMT" time="8.228" errors="0">
  <testcase name="verifysiz" time="8.228" classname="com.app.test.DressPageTest"/>
</testsuite> <!-- com.app.test.DressPageTest -->
