<?xml version="1.0" encoding="UTF-8"?>
<!-- Generated by org.testng.reporters.JUnitReportReporter -->
<testsuite hostname="HOME-PC" name="com.app.test.testusername" tests="1" failures="0" timestamp="2 Feb 2020 13:37:56 GMT" time="19.636" errors="0">
  <testcase name="loginpage" time="19.636" classname="com.app.test.testusername"/>
</testsuite> <!-- com.app.test.testusername -->
